<?xml version="1.0" encoding="UTF-8"?>
<!-- Generated by org.testng.reporters.JUnitReportReporter -->
<testsuite skipped="0" hostname="WIN-I14J94MT2DO" name="test.SecondTest" tests="1" failures="0" timestamp="2022-01-03T00:20:52 MSK" time="0.037" errors="0">
  <testcase name="testMethodSecond" time="0.037" classname="test.SecondTest"/>
  <system-out/>
</testsuite> <!-- test.SecondTest -->
